<?xml version="1.0" encoding="UTF-8"?>
<!-- Generated by org.testng.reporters.JUnitXMLReporter -->
<testsuite ignored="3" hostname="DESKTOP-02HURVS" failures="0" tests="3" name="Test2" time="180.922" errors="0" timestamp="2024-04-10T17:41:48 IST">
  <testcase classname="user.CreateNewUserAccountTest" name="createNewUserAccountTest" time="34.085"/>
  <testcase classname="admin.AdminLoginLogoutTest" name="adminLoginLogoutTest" time="5.105"/>
  <testcase classname="admin.AdminLoginLogoutTest" name="changeStatusOfOrderedProductTest" time="84.433"/>
  <testcase classname="genericUtilities.BaseClass" name="@AfterSuite closeDBConnection" time="0.0">
    <ignored/>
  </testcase> <!-- @AfterSuite closeDBConnection -->
  <testcase classname="admin.AdminLoginLogoutTest" name="insertProdctAndOrderSameProductTest" time="0.0">
    <ignored/>
  </testcase> <!-- insertProdctAndOrderSameProductTest -->
  <testcase classname="genericUtilities.BaseClass" name="@BeforeSuite connectionDB" time="0.0">
    <ignored/>
  </testcase> <!-- @BeforeSuite connectionDB -->
</testsuite> <!-- Test2 -->
