<?xml version="1.0" encoding="UTF-8"?>
<!-- Generated by org.testng.reporters.JUnitXMLReporter -->
<testsuite ignored="3" hostname="DESKTOP-02HURVS" failures="0" tests="3" name="Test1" time="168.706" errors="0" timestamp="2024-04-10T17:41:36 IST">
  <testcase classname="user.CreateNewUserAccountTest" name="createNewUserAccountTest" time="35.731"/>
  <testcase classname="admin.AdminLoginLogoutTest" name="adminLoginLogoutTest" time="5.049"/>
  <testcase classname="admin.AdminLoginLogoutTest" name="changeStatusOfOrderedProductTest" time="98.818"/>
  <testcase classname="genericUtilities.BaseClass" name="@BeforeSuite connectionDB" time="0.0">
    <ignored/>
  </testcase> <!-- @BeforeSuite connectionDB -->
  <testcase classname="admin.AdminLoginLogoutTest" name="insertProdctAndOrderSameProductTest" time="0.0">
    <ignored/>
  </testcase> <!-- insertProdctAndOrderSameProductTest -->
  <testcase classname="genericUtilities.BaseClass" name="@AfterSuite closeDBConnection" time="0.0">
    <ignored/>
  </testcase> <!-- @AfterSuite closeDBConnection -->
</testsuite> <!-- Test1 -->
