<?xml version="1.0" encoding="UTF-8"?>
<!-- Generated by org.testng.reporters.JUnitXMLReporter -->
<testsuite ignored="0" hostname="DESKTOP-02HURVS" failures="0" tests="3" name="TestRunner1" time="20.77" errors="0" timestamp="2024-04-10T15:02:33 IST">
  <testcase classname="practice.Sample" name="sample1" time="0.028"/>
  <testcase classname="practice.Sample" name="sample2" time="0.053"/>
  <testcase classname="practice.Sample" name="sample3" time="0.003"/>
</testsuite> <!-- TestRunner1 -->
