<?xml version="1.0" encoding="UTF-8"?>
<!-- Generated by org.testng.reporters.JUnitXMLReporter -->
<testsuite ignored="3" hostname="DESKTOP-02HURVS" failures="0" tests="3" name="Test3" time="157.584" errors="0" timestamp="2024-04-10T17:41:25 IST">
  <testcase classname="user.CreateNewUserAccountTest" name="createNewUserAccountTest" time="39.396"/>
  <testcase classname="admin.AdminLoginLogoutTest" name="adminLoginLogoutTest" time="2.748"/>
  <testcase classname="admin.AdminLoginLogoutTest" name="changeStatusOfOrderedProductTest" time="85.515"/>
  <testcase classname="genericUtilities.BaseClass" name="@AfterSuite closeDBConnection" time="0.0">
    <ignored/>
  </testcase> <!-- @AfterSuite closeDBConnection -->
  <testcase classname="genericUtilities.BaseClass" name="@BeforeSuite connectionDB" time="0.0">
    <ignored/>
  </testcase> <!-- @BeforeSuite connectionDB -->
  <testcase classname="admin.AdminLoginLogoutTest" name="insertProdctAndOrderSameProductTest" time="0.0">
    <ignored/>
  </testcase> <!-- insertProdctAndOrderSameProductTest -->
</testsuite> <!-- Test3 -->
